<?xml version="1.0" encoding="utf-8"?><testsuites name="pytest tests"><testsuite name="pytest" errors="0" failures="0" skipped="1" tests="22" time="6.914" timestamp="2026-08-01T14:58:13.604025+00:00" hostname="agent-env-f49c8d87-962c-4c1a-9bdc-72ffe6f21236"><testcase classname="tests.backend_test" name="test_login_invalid" time="0.528" /><testcase classname="tests.backend_test" name="test_me" time="0.500" /><testcase classname="tests.backend_test" name="test_me_unauth" time="0.116" /><testcase classname="tests.backend_test" name="test_services_seeded" time="0.119" /><testcase classname="tests.backend_test" name="test_products" time="0.118" /><testcase classname="tests.backend_test" name="test_invoices_seeded" time="0.135" /><testcase classname="tests.backend_test" name="test_wallet" time="0.157" /><testcase classname="tests.backend_test" name="test_topup_and_balance_increases" time="0.397" /><testcase classname="tests.backend_test" name="test_topup_invalid_amount" time="0.142" /><testcase classname="tests.backend_test" name="test_order_service_creates_service_and_invoice" time="0.658" /><testcase classname="tests.backend_test" name="test_order_invalid_product" time="0.129" /><testcase classname="tests.backend_test" name="test_pay_invoice_insufficient_balance" time="0.228"><skipped type="pytest.skip" message="balance covers all invoices; cannot test insufficient path deterministically">/app/backend/tests/backend_test.py:132: balance covers all invoices; cannot test insufficient path deterministically</skipped></testcase><testcase classname="tests.backend_test" name="test_pay_invoice_success" time="0.723" /><testcase classname="tests.backend_test" name="test_pay_invoice_already_paid" time="0.243" /><testcase classname="tests.backend_test" name="test_dns_and_email" time="0.386" /><testcase classname="tests.backend_test" name="test_dns_invalid_service" time="0.113" /><testcase classname="tests.backend_test" name="test_service_detail_budistore" time="0.239" /><testcase classname="tests.backend_test" name="test_service_detail_404" time="0.112" /><testcase classname="tests.backend_test" name="test_create_backup" time="0.266" /><testcase classname="tests.backend_test" name="test_notifications" time="0.116" /><testcase classname="tests.backend_test" name="test_invoice_pdf_download" time="0.118" /><testcase classname="tests.backend_test" name="test_invoice_pdf_404" time="0.007" /></testsuite></testsuites>