<?xml version="1.0" encoding="utf-8"?><testsuites name="pytest tests"><testsuite name="pytest" errors="0" failures="0" skipped="1" tests="35" time="15.177" timestamp="2026-08-01T15:50:59.011477+00:00" hostname="agent-env-f49c8d87-962c-4c1a-9bdc-72ffe6f21236"><testcase classname="tests.backend_test" name="test_login_invalid" time="2.317" /><testcase classname="tests.backend_test" name="test_me" time="0.817" /><testcase classname="tests.backend_test" name="test_me_unauth" time="0.190" /><testcase classname="tests.backend_test" name="test_services_seeded" time="0.186" /><testcase classname="tests.backend_test" name="test_products" time="0.188" /><testcase classname="tests.backend_test" name="test_invoices_seeded" time="0.176" /><testcase classname="tests.backend_test" name="test_wallet" time="0.163" /><testcase classname="tests.backend_test" name="test_topup_and_balance_increases" time="0.348" /><testcase classname="tests.backend_test" name="test_topup_invalid_amount" time="0.206" /><testcase classname="tests.backend_test" name="test_order_service_creates_service_and_invoice" time="0.836" /><testcase classname="tests.backend_test" name="test_order_invalid_product" time="0.198" /><testcase classname="tests.backend_test" name="test_pay_invoice_insufficient_balance" time="0.321"><skipped type="pytest.skip" message="balance covers all invoices; cannot test insufficient path deterministically">/app/backend/tests/backend_test.py:132: balance covers all invoices; cannot test insufficient path deterministically</skipped></testcase><testcase classname="tests.backend_test" name="test_pay_invoice_success" time="0.995" /><testcase classname="tests.backend_test" name="test_pay_invoice_already_paid" time="0.335" /><testcase classname="tests.backend_test" name="test_dns_and_email" time="0.506" /><testcase classname="tests.backend_test" name="test_dns_invalid_service" time="0.157" /><testcase classname="tests.backend_test" name="test_service_detail_budistore" time="0.323" /><testcase classname="tests.backend_test" name="test_service_detail_404" time="0.152" /><testcase classname="tests.backend_test" name="test_create_backup" time="0.312" /><testcase classname="tests.backend_test" name="test_notifications" time="0.145" /><testcase classname="tests.backend_test" name="test_invoice_pdf_download" time="0.191" /><testcase classname="tests.backend_test" name="test_invoice_pdf_404" time="0.010" /><testcase classname="tests.backend_test" name="test_services_have_category" time="0.165" /><testcase classname="tests.backend_test" name="test_domains_list" time="0.158" /><testcase classname="tests.backend_test" name="test_domain_detail" time="0.313" /><testcase classname="tests.backend_test" name="test_domain_detail_404" time="0.148" /><testcase classname="tests.backend_test" name="test_tlds" time="0.150" /><testcase classname="tests.backend_test" name="test_domain_check" time="0.165" /><testcase classname="tests.backend_test" name="test_domain_check_empty" time="0.191" /><testcase classname="tests.backend_test" name="test_affiliate" time="0.170" /><testcase classname="tests.backend_test" name="test_service_action_change_password" time="0.325" /><testcase classname="tests.backend_test" name="test_service_action_upgrade" time="0.321" /><testcase classname="tests.backend_test" name="test_service_action_unblock_ip" time="0.288" /><testcase classname="tests.backend_test" name="test_service_action_cancel" time="0.299" /><testcase classname="tests.backend_test" name="test_service_action_404" time="0.199" /></testsuite></testsuites>